Arguments: 
  C:\Program Files\nodejs\node.exe C:\Users\A\AppData\Roaming\npm\node_modules\yarn\bin\yarn.js add @material-ui/icons

PATH: 
  C:\Windows\system32;C:\Windows;C:\Windows\System32\Wbem;C:\Windows\System32\WindowsPowerShell\v1.0\;C:\Windows\System32\OpenSSH\;C:\Program Files (x86)\ATI Technologies\ATI.ACE\Core-Static;C:\Program Files\nodejs\;C:\Program Files\Git\cmd;C:\Users\A\AppData\Local\Microsoft\WindowsApps;C:\Users\A\AppData\Local\Programs\Microsoft VS Code\bin;C:\Users\A\AppData\Roaming\npm;C:\Program Files\nodejs;C:\Program Files\PostgreSQL\13\bin;

Yarn version: 
  1.22.10

Node version: 
  15.14.0

Platform: 
  win32 x64

Trace: 
  Error: https://registry.yarnpkg.com/@material-ui/icons/-/icons-4.11.2.tgz: ESOCKETTIMEDOUT
      at ClientRequest.<anonymous> (C:\Users\A\AppData\Roaming\npm\node_modules\yarn\lib\cli.js:141289:19)
      at Object.onceWrapper (node:events:475:28)
      at ClientRequest.emit (node:events:369:20)
      at TLSSocket.emitRequestTimeout (node:_http_client:790:9)
      at Object.onceWrapper (node:events:475:28)
      at TLSSocket.emit (node:events:381:22)
      at TLSSocket.Socket._onTimeout (node:net:481:8)
      at listOnTimeout (node:internal/timers:557:17)
      at processTimers (node:internal/timers:500:7)

npm manifest: 
  {
    "name": "ambiwtask",
    "version": "1.0.0",
    "description": "Task",
    "main": "index.js",
    "type": "module",
    "scripts": {
      "test": "echo \"Error: no test specified\" && exit 1",
      "start": "nodemon server.js"
    },
    "repository": {
      "type": "git",
      "url": "git+https://github.com/KrupaliBhaglani5/AmbiwTask.git"
    },
    "author": "",
    "license": "ISC",
    "bugs": {
      "url": "https://github.com/KrupaliBhaglani5/AmbiwTask/issues"
    },
    "homepage": "https://github.com/KrupaliBhaglani5/AmbiwTask#readme",
    "dependencies": {
      "bcrypt": "^5.0.1",
      "bcryptjs": "^2.4.3",
      "body-parser": "^1.19.0",
      "cors": "^2.8.5",
      "dotenv": "^8.2.0",
      "express": "^4.17.1",
      "express-validator": "^6.10.1",
      "fs": "*",
      "joi": "^17.4.0",
      "jsonwebtoken": "^8.5.1",
      "mongoose": "^5.12.5",
      "multer": "^1.4.2",
      "nodemailer": "^6.5.0",
      "path": "^0.12.7"
    },
    "devDependencies": {
      "nodemon": "^2.0.9"
    }
  }

yarn manifest: 
  No manifest

Lockfile: 
  No lockfile
